2024-11-27T21:58:47.583+05:30  INFO 12696 --- [Product_Management] [main] c.s.ProductManagementApplication         : Starting ProductManagementApplication using Java 17.0.5 with PID 12696 (D:\Nikhil CoachBar\Product_Management\target\classes started by Ajay Patel in D:\Nikhil CoachBar\Product_Management)
2024-11-27T21:58:47.591+05:30  INFO 12696 --- [Product_Management] [main] c.s.ProductManagementApplication         : No active profile set, falling back to 1 default profile: "default"
2024-11-27T21:58:48.793+05:30  INFO 12696 --- [Product_Management] [main] .s.d.r.c.RepositoryConfigurationDelegate : Bootstrapping Spring Data JPA repositories in DEFAULT mode.
2024-11-27T21:58:49.026+05:30  INFO 12696 --- [Product_Management] [main] .s.d.r.c.RepositoryConfigurationDelegate : Finished Spring Data repository scanning in 215 ms. Found 1 JPA repository interface.
2024-11-27T21:58:51.619+05:30  INFO 12696 --- [Product_Management] [main] o.s.b.w.embedded.tomcat.TomcatWebServer  : Tomcat initialized with port 9092 (http)
2024-11-27T21:58:51.645+05:30  INFO 12696 --- [Product_Management] [main] o.apache.catalina.core.StandardService   : Starting service [Tomcat]
2024-11-27T21:58:51.645+05:30  INFO 12696 --- [Product_Management] [main] o.apache.catalina.core.StandardEngine    : Starting Servlet engine: [Apache Tomcat/10.1.33]
2024-11-27T21:58:51.779+05:30  INFO 12696 --- [Product_Management] [main] o.a.c.c.C.[Tomcat].[localhost].[/]       : Initializing Spring embedded WebApplicationContext
2024-11-27T21:58:51.780+05:30  INFO 12696 --- [Product_Management] [main] w.s.c.ServletWebServerApplicationContext : Root WebApplicationContext: initialization completed in 4093 ms
2024-11-27T21:58:52.440+05:30  INFO 12696 --- [Product_Management] [main] o.hibernate.jpa.internal.util.LogHelper  : HHH000204: Processing PersistenceUnitInfo [name: default]
2024-11-27T21:58:52.624+05:30  INFO 12696 --- [Product_Management] [main] org.hibernate.Version                    : HHH000412: Hibernate ORM core version 6.6.2.Final
2024-11-27T21:58:52.709+05:30  INFO 12696 --- [Product_Management] [main] o.h.c.internal.RegionFactoryInitiator    : HHH000026: Second-level cache disabled
2024-11-27T21:58:53.317+05:30  INFO 12696 --- [Product_Management] [main] o.s.o.j.p.SpringPersistenceUnitInfo      : No LoadTimeWeaver setup: ignoring JPA class transformer
2024-11-27T21:58:53.596+05:30  INFO 12696 --- [Product_Management] [main] com.zaxxer.hikari.HikariDataSource       : HikariPool-1 - Starting...
2024-11-27T21:58:54.259+05:30  INFO 12696 --- [Product_Management] [main] com.zaxxer.hikari.pool.HikariPool        : HikariPool-1 - Added connection com.mysql.cj.jdbc.ConnectionImpl@3a70575
2024-11-27T21:58:54.261+05:30  INFO 12696 --- [Product_Management] [main] com.zaxxer.hikari.HikariDataSource       : HikariPool-1 - Start completed.
2024-11-27T21:58:54.344+05:30  WARN 12696 --- [Product_Management] [main] org.hibernate.orm.deprecation            : HHH90000025: MySQL8Dialect does not need to be specified explicitly using 'hibernate.dialect' (remove the property setting and it will be selected by default)
2024-11-27T21:58:54.345+05:30  WARN 12696 --- [Product_Management] [main] org.hibernate.orm.deprecation            : HHH90000026: MySQL8Dialect has been deprecated; use org.hibernate.dialect.MySQLDialect instead
2024-11-27T21:58:54.369+05:30  INFO 12696 --- [Product_Management] [main] org.hibernate.orm.connections.pooling    : HHH10001005: Database info:
	Database JDBC URL [Connecting through datasource 'HikariDataSource (HikariPool-1)']
	Database driver: undefined/unknown
	Database version: 8.0
	Autocommit mode: undefined/unknown
	Isolation level: undefined/unknown
	Minimum pool size: undefined/unknown
	Maximum pool size: undefined/unknown
2024-11-27T21:58:56.280+05:30  INFO 12696 --- [Product_Management] [main] o.h.e.t.j.p.i.JtaPlatformInitiator       : HHH000489: No JTA platform available (set 'hibernate.transaction.jta.platform' to enable JTA platform integration)
2024-11-27T21:58:56.460+05:30  INFO 12696 --- [Product_Management] [main] j.LocalContainerEntityManagerFactoryBean : Initialized JPA EntityManagerFactory for persistence unit 'default'
2024-11-27T21:58:56.893+05:30  WARN 12696 --- [Product_Management] [main] JpaBaseConfiguration$JpaWebConfiguration : spring.jpa.open-in-view is enabled by default. Therefore, database queries may be performed during view rendering. Explicitly configure spring.jpa.open-in-view to disable this warning
2024-11-27T21:58:57.137+05:30  INFO 12696 --- [Product_Management] [main] r$InitializeUserDetailsManagerConfigurer : Global AuthenticationManager configured with UserDetailsService bean with name userDetailsService
2024-11-27T21:58:58.432+05:30 DEBUG 12696 --- [Product_Management] [main] s.w.s.m.m.a.RequestMappingHandlerMapping : 7 mappings in 'requestMappingHandlerMapping'
2024-11-27T21:58:58.588+05:30 DEBUG 12696 --- [Product_Management] [main] o.s.w.s.handler.SimpleUrlHandlerMapping  : Patterns [/webjars/**, /**] in 'resourceHandlerMapping'
2024-11-27T21:58:58.857+05:30 DEBUG 12696 --- [Product_Management] [main] s.w.s.m.m.a.RequestMappingHandlerAdapter : ControllerAdvice beans: 0 @ModelAttribute, 0 @InitBinder, 1 RequestBodyAdvice, 1 ResponseBodyAdvice
2024-11-27T21:58:58.961+05:30 DEBUG 12696 --- [Product_Management] [main] .m.m.a.ExceptionHandlerExceptionResolver : ControllerAdvice beans: 1 @ExceptionHandler, 1 ResponseBodyAdvice
2024-11-27T21:58:59.261+05:30  INFO 12696 --- [Product_Management] [main] o.s.b.w.embedded.tomcat.TomcatWebServer  : Tomcat started on port 9092 (http) with context path '/'
2024-11-27T21:58:59.279+05:30  INFO 12696 --- [Product_Management] [main] c.s.ProductManagementApplication         : Started ProductManagementApplication in 12.485 seconds (process running for 13.225)
2024-11-27T22:00:41.541+05:30  INFO 12696 --- [Product_Management] [SpringApplicationShutdownHook] o.s.b.w.e.tomcat.GracefulShutdown        : Commencing graceful shutdown. Waiting for active requests to complete
2024-11-27T22:00:41.690+05:30  INFO 12696 --- [Product_Management] [tomcat-shutdown] o.s.b.w.e.tomcat.GracefulShutdown        : Graceful shutdown complete
2024-11-27T22:00:41.696+05:30  INFO 12696 --- [Product_Management] [SpringApplicationShutdownHook] j.LocalContainerEntityManagerFactoryBean : Closing JPA EntityManagerFactory for persistence unit 'default'
2024-11-27T22:00:41.700+05:30  INFO 12696 --- [Product_Management] [SpringApplicationShutdownHook] com.zaxxer.hikari.HikariDataSource       : HikariPool-1 - Shutdown initiated...
2024-11-27T22:00:41.714+05:30  INFO 12696 --- [Product_Management] [SpringApplicationShutdownHook] com.zaxxer.hikari.HikariDataSource       : HikariPool-1 - Shutdown completed.
2024-11-27T22:00:47.339+05:30  INFO 18732 --- [Product_Management] [main] c.s.ProductManagementApplication         : Starting ProductManagementApplication using Java 17.0.5 with PID 18732 (D:\Nikhil CoachBar\Product_Management\target\classes started by Ajay Patel in D:\Nikhil CoachBar\Product_Management)
2024-11-27T22:00:47.342+05:30  INFO 18732 --- [Product_Management] [main] c.s.ProductManagementApplication         : No active profile set, falling back to 1 default profile: "default"
2024-11-27T22:00:48.416+05:30  INFO 18732 --- [Product_Management] [main] .s.d.r.c.RepositoryConfigurationDelegate : Bootstrapping Spring Data JPA repositories in DEFAULT mode.
2024-11-27T22:00:48.494+05:30  INFO 18732 --- [Product_Management] [main] .s.d.r.c.RepositoryConfigurationDelegate : Finished Spring Data repository scanning in 65 ms. Found 1 JPA repository interface.
2024-11-27T22:00:49.278+05:30  INFO 18732 --- [Product_Management] [main] o.s.b.w.embedded.tomcat.TomcatWebServer  : Tomcat initialized with port 9092 (http)
2024-11-27T22:00:49.294+05:30  INFO 18732 --- [Product_Management] [main] o.apache.catalina.core.StandardService   : Starting service [Tomcat]
2024-11-27T22:00:49.295+05:30  INFO 18732 --- [Product_Management] [main] o.apache.catalina.core.StandardEngine    : Starting Servlet engine: [Apache Tomcat/10.1.33]
2024-11-27T22:00:49.364+05:30  INFO 18732 --- [Product_Management] [main] o.a.c.c.C.[Tomcat].[localhost].[/]       : Initializing Spring embedded WebApplicationContext
2024-11-27T22:00:49.364+05:30  INFO 18732 --- [Product_Management] [main] w.s.c.ServletWebServerApplicationContext : Root WebApplicationContext: initialization completed in 1951 ms
2024-11-27T22:00:49.614+05:30  INFO 18732 --- [Product_Management] [main] o.hibernate.jpa.internal.util.LogHelper  : HHH000204: Processing PersistenceUnitInfo [name: default]
2024-11-27T22:00:49.687+05:30  INFO 18732 --- [Product_Management] [main] org.hibernate.Version                    : HHH000412: Hibernate ORM core version 6.6.2.Final
2024-11-27T22:00:49.737+05:30  INFO 18732 --- [Product_Management] [main] o.h.c.internal.RegionFactoryInitiator    : HHH000026: Second-level cache disabled
2024-11-27T22:00:50.077+05:30  INFO 18732 --- [Product_Management] [main] o.s.o.j.p.SpringPersistenceUnitInfo      : No LoadTimeWeaver setup: ignoring JPA class transformer
2024-11-27T22:00:50.112+05:30  INFO 18732 --- [Product_Management] [main] com.zaxxer.hikari.HikariDataSource       : HikariPool-1 - Starting...
2024-11-27T22:00:50.526+05:30  INFO 18732 --- [Product_Management] [main] com.zaxxer.hikari.pool.HikariPool        : HikariPool-1 - Added connection com.mysql.cj.jdbc.ConnectionImpl@3e2c4d4b
2024-11-27T22:00:50.533+05:30  INFO 18732 --- [Product_Management] [main] com.zaxxer.hikari.HikariDataSource       : HikariPool-1 - Start completed.
2024-11-27T22:00:50.593+05:30  WARN 18732 --- [Product_Management] [main] org.hibernate.orm.deprecation            : HHH90000025: MySQL8Dialect does not need to be specified explicitly using 'hibernate.dialect' (remove the property setting and it will be selected by default)
2024-11-27T22:00:50.594+05:30  WARN 18732 --- [Product_Management] [main] org.hibernate.orm.deprecation            : HHH90000026: MySQL8Dialect has been deprecated; use org.hibernate.dialect.MySQLDialect instead
2024-11-27T22:00:50.611+05:30  INFO 18732 --- [Product_Management] [main] org.hibernate.orm.connections.pooling    : HHH10001005: Database info:
	Database JDBC URL [Connecting through datasource 'HikariDataSource (HikariPool-1)']
	Database driver: undefined/unknown
	Database version: 8.0
	Autocommit mode: undefined/unknown
	Isolation level: undefined/unknown
	Minimum pool size: undefined/unknown
	Maximum pool size: undefined/unknown
2024-11-27T22:00:51.575+05:30  INFO 18732 --- [Product_Management] [main] o.h.e.t.j.p.i.JtaPlatformInitiator       : HHH000489: No JTA platform available (set 'hibernate.transaction.jta.platform' to enable JTA platform integration)
2024-11-27T22:00:51.621+05:30  INFO 18732 --- [Product_Management] [main] j.LocalContainerEntityManagerFactoryBean : Initialized JPA EntityManagerFactory for persistence unit 'default'
2024-11-27T22:00:51.897+05:30  WARN 18732 --- [Product_Management] [main] JpaBaseConfiguration$JpaWebConfiguration : spring.jpa.open-in-view is enabled by default. Therefore, database queries may be performed during view rendering. Explicitly configure spring.jpa.open-in-view to disable this warning
2024-11-27T22:00:52.070+05:30  INFO 18732 --- [Product_Management] [main] r$InitializeUserDetailsManagerConfigurer : Global AuthenticationManager configured with UserDetailsService bean with name userDetailsService
2024-11-27T22:00:52.239+05:30 DEBUG 18732 --- [Product_Management] [main] s.w.s.m.m.a.RequestMappingHandlerMapping : 7 mappings in 'requestMappingHandlerMapping'
2024-11-27T22:00:52.333+05:30 DEBUG 18732 --- [Product_Management] [main] o.s.w.s.handler.SimpleUrlHandlerMapping  : Patterns [/webjars/**, /**] in 'resourceHandlerMapping'
2024-11-27T22:00:52.474+05:30 DEBUG 18732 --- [Product_Management] [main] s.w.s.m.m.a.RequestMappingHandlerAdapter : ControllerAdvice beans: 0 @ModelAttribute, 0 @InitBinder, 1 RequestBodyAdvice, 1 ResponseBodyAdvice
2024-11-27T22:00:52.535+05:30 DEBUG 18732 --- [Product_Management] [main] .m.m.a.ExceptionHandlerExceptionResolver : ControllerAdvice beans: 1 @ExceptionHandler, 1 ResponseBodyAdvice
2024-11-27T22:00:52.695+05:30  INFO 18732 --- [Product_Management] [main] o.s.b.w.embedded.tomcat.TomcatWebServer  : Tomcat started on port 9092 (http) with context path '/'
2024-11-27T22:00:52.714+05:30  INFO 18732 --- [Product_Management] [main] c.s.ProductManagementApplication         : Started ProductManagementApplication in 6.029 seconds (process running for 6.476)
2024-11-27T22:02:55.419+05:30  INFO 18732 --- [Product_Management] [http-nio-9092-exec-1] o.a.c.c.C.[Tomcat].[localhost].[/]       : Initializing Spring DispatcherServlet 'dispatcherServlet'
2024-11-27T22:02:55.419+05:30  INFO 18732 --- [Product_Management] [http-nio-9092-exec-1] o.s.web.servlet.DispatcherServlet        : Initializing Servlet 'dispatcherServlet'
2024-11-27T22:02:55.420+05:30 DEBUG 18732 --- [Product_Management] [http-nio-9092-exec-1] o.s.web.servlet.DispatcherServlet        : Detected StandardServletMultipartResolver
2024-11-27T22:02:55.420+05:30 DEBUG 18732 --- [Product_Management] [http-nio-9092-exec-1] o.s.web.servlet.DispatcherServlet        : Detected AcceptHeaderLocaleResolver
2024-11-27T22:02:55.420+05:30 DEBUG 18732 --- [Product_Management] [http-nio-9092-exec-1] o.s.web.servlet.DispatcherServlet        : Detected FixedThemeResolver
2024-11-27T22:02:55.422+05:30 DEBUG 18732 --- [Product_Management] [http-nio-9092-exec-1] o.s.web.servlet.DispatcherServlet        : Detected org.springframework.web.servlet.view.DefaultRequestToViewNameTranslator@28da5c4d
2024-11-27T22:02:55.422+05:30 DEBUG 18732 --- [Product_Management] [http-nio-9092-exec-1] o.s.web.servlet.DispatcherServlet        : Detected org.springframework.web.servlet.support.SessionFlashMapManager@2b0d818d
2024-11-27T22:02:55.422+05:30 DEBUG 18732 --- [Product_Management] [http-nio-9092-exec-1] o.s.web.servlet.DispatcherServlet        : enableLoggingRequestDetails='false': request parameters and headers will be masked to prevent unsafe logging of potentially sensitive data
2024-11-27T22:02:55.423+05:30  INFO 18732 --- [Product_Management] [http-nio-9092-exec-1] o.s.web.servlet.DispatcherServlet        : Completed initialization in 3 ms
2024-11-27T22:02:55.634+05:30 DEBUG 18732 --- [Product_Management] [http-nio-9092-exec-1] o.s.web.servlet.DispatcherServlet        : POST "/products", parameters={}
2024-11-27T22:02:55.635+05:30 DEBUG 18732 --- [Product_Management] [http-nio-9092-exec-1] s.w.s.m.m.a.RequestMappingHandlerMapping : Mapped to com.springboot.controller.ProductController#createProduct(ProductDTO)
2024-11-27T22:02:55.729+05:30 DEBUG 18732 --- [Product_Management] [http-nio-9092-exec-1] m.m.a.RequestResponseBodyMethodProcessor : Read "application/json;charset=UTF-8" to [ProductDTO(id=null, name=Sample Product, description=This is a sample product description., price=19 (truncated)...]
2024-11-27T22:02:55.911+05:30 DEBUG 18732 --- [Product_Management] [http-nio-9092-exec-1] o.s.w.s.m.m.a.HttpEntityMethodProcessor  : Using 'application/json', given [*/*] and supported [application/json, application/*+json]
2024-11-27T22:02:55.913+05:30 DEBUG 18732 --- [Product_Management] [http-nio-9092-exec-1] o.s.w.s.m.m.a.HttpEntityMethodProcessor  : Writing [ProductDTO(id=1, name=Sample Product, description=This is a sample product description., price=199.9 (truncated)...]
2024-11-27T22:02:55.929+05:30 DEBUG 18732 --- [Product_Management] [http-nio-9092-exec-1] o.s.web.servlet.DispatcherServlet        : Completed 200 OK
2024-11-27T22:03:36.896+05:30 DEBUG 18732 --- [Product_Management] [http-nio-9092-exec-3] o.s.web.servlet.DispatcherServlet        : POST "/products", parameters={}
2024-11-27T22:03:36.898+05:30 DEBUG 18732 --- [Product_Management] [http-nio-9092-exec-3] s.w.s.m.m.a.RequestMappingHandlerMapping : Mapped to com.springboot.controller.ProductController#createProduct(ProductDTO)
2024-11-27T22:03:36.900+05:30 DEBUG 18732 --- [Product_Management] [http-nio-9092-exec-3] m.m.a.RequestResponseBodyMethodProcessor : Read "application/json;charset=UTF-8" to [ProductDTO(id=null, name=Test Product, description=This is a Test product description., price=599.0, (truncated)...]
2024-11-27T22:03:36.911+05:30 DEBUG 18732 --- [Product_Management] [http-nio-9092-exec-3] o.s.w.s.m.m.a.HttpEntityMethodProcessor  : Using 'application/json', given [*/*] and supported [application/json, application/*+json]
2024-11-27T22:03:36.912+05:30 DEBUG 18732 --- [Product_Management] [http-nio-9092-exec-3] o.s.w.s.m.m.a.HttpEntityMethodProcessor  : Writing [ProductDTO(id=2, name=Test Product, description=This is a Test product description., price=599.0, qu (truncated)...]
2024-11-27T22:03:36.914+05:30 DEBUG 18732 --- [Product_Management] [http-nio-9092-exec-3] o.s.web.servlet.DispatcherServlet        : Completed 200 OK
2024-11-27T22:04:25.640+05:30 DEBUG 18732 --- [Product_Management] [http-nio-9092-exec-5] o.s.web.servlet.DispatcherServlet        : GET "/products", parameters={}
2024-11-27T22:04:25.641+05:30 DEBUG 18732 --- [Product_Management] [http-nio-9092-exec-5] s.w.s.m.m.a.RequestMappingHandlerMapping : Mapped to com.springboot.controller.ProductController#getAllProducts()
2024-11-27T22:04:25.791+05:30 DEBUG 18732 --- [Product_Management] [http-nio-9092-exec-5] o.s.w.s.m.m.a.HttpEntityMethodProcessor  : Using 'application/json', given [*/*] and supported [application/json, application/*+json]
2024-11-27T22:04:25.791+05:30 DEBUG 18732 --- [Product_Management] [http-nio-9092-exec-5] o.s.w.s.m.m.a.HttpEntityMethodProcessor  : Writing [[ProductDTO(id=1, name=Sample Product, description=This is a sample product description., price=199. (truncated)...]
2024-11-27T22:04:25.794+05:30 DEBUG 18732 --- [Product_Management] [http-nio-9092-exec-5] o.s.web.servlet.DispatcherServlet        : Completed 200 OK
2024-11-27T22:05:18.597+05:30 DEBUG 18732 --- [Product_Management] [http-nio-9092-exec-6] o.s.web.servlet.DispatcherServlet        : GET "/products/1", parameters={}
2024-11-27T22:05:18.597+05:30 DEBUG 18732 --- [Product_Management] [http-nio-9092-exec-6] s.w.s.m.m.a.RequestMappingHandlerMapping : Mapped to com.springboot.controller.ProductController#getProductById(Long)
2024-11-27T22:05:18.617+05:30 DEBUG 18732 --- [Product_Management] [http-nio-9092-exec-6] o.s.w.s.m.m.a.HttpEntityMethodProcessor  : Using 'application/json', given [*/*] and supported [application/json, application/*+json]
2024-11-27T22:05:18.618+05:30 DEBUG 18732 --- [Product_Management] [http-nio-9092-exec-6] o.s.w.s.m.m.a.HttpEntityMethodProcessor  : Writing [ProductDTO(id=1, name=Sample Product, description=This is a sample product description., price=199.9 (truncated)...]
2024-11-27T22:05:18.619+05:30 DEBUG 18732 --- [Product_Management] [http-nio-9092-exec-6] o.s.web.servlet.DispatcherServlet        : Completed 200 OK
2024-11-27T22:07:24.405+05:30 DEBUG 18732 --- [Product_Management] [http-nio-9092-exec-10] o.s.web.servlet.DispatcherServlet        : PUT "/products/1", parameters={}
2024-11-27T22:07:24.405+05:30 DEBUG 18732 --- [Product_Management] [http-nio-9092-exec-10] s.w.s.m.m.a.RequestMappingHandlerMapping : Mapped to com.springboot.controller.ProductController#updateProduct(Long, ProductDTO)
2024-11-27T22:07:24.408+05:30 DEBUG 18732 --- [Product_Management] [http-nio-9092-exec-10] m.m.a.RequestResponseBodyMethodProcessor : Read "application/json;charset=UTF-8" to [ProductDTO(id=null, name=Lapto, description=This is a Laptop, price=5099.0, quantity=5)]
2024-11-27T22:07:24.437+05:30 DEBUG 18732 --- [Product_Management] [http-nio-9092-exec-10] o.s.w.s.m.m.a.HttpEntityMethodProcessor  : Using 'application/json', given [*/*] and supported [application/json, application/*+json]
2024-11-27T22:07:24.438+05:30 DEBUG 18732 --- [Product_Management] [http-nio-9092-exec-10] o.s.w.s.m.m.a.HttpEntityMethodProcessor  : Writing [ProductDTO(id=1, name=Lapto, description=This is a Laptop, price=5099.0, quantity=5)]
2024-11-27T22:07:24.439+05:30 DEBUG 18732 --- [Product_Management] [http-nio-9092-exec-10] o.s.web.servlet.DispatcherServlet        : Completed 200 OK
2024-11-27T22:08:34.341+05:30 DEBUG 18732 --- [Product_Management] [http-nio-9092-exec-3] o.s.web.servlet.DispatcherServlet        : DELETE "/products/2", parameters={}
2024-11-27T22:08:34.342+05:30 DEBUG 18732 --- [Product_Management] [http-nio-9092-exec-3] s.w.s.m.m.a.RequestMappingHandlerMapping : Mapped to com.springboot.controller.ProductController#deleteProduct(Long)
2024-11-27T22:08:34.898+05:30 DEBUG 18732 --- [Product_Management] [http-nio-9092-exec-3] o.s.w.s.m.m.a.HttpEntityMethodProcessor  : Using 'application/json', given [*/*] and supported [application/json, application/*+json]
2024-11-27T22:08:34.898+05:30 DEBUG 18732 --- [Product_Management] [http-nio-9092-exec-3] o.s.w.s.m.m.a.HttpEntityMethodProcessor  : Nothing to write: null body
2024-11-27T22:08:34.902+05:30 DEBUG 18732 --- [Product_Management] [http-nio-9092-exec-3] o.s.web.servlet.DispatcherServlet        : Completed 204 NO_CONTENT
2024-11-27T22:08:44.735+05:30 DEBUG 18732 --- [Product_Management] [http-nio-9092-exec-4] o.s.web.servlet.DispatcherServlet        : GET "/products", parameters={}
2024-11-27T22:08:44.736+05:30 DEBUG 18732 --- [Product_Management] [http-nio-9092-exec-4] s.w.s.m.m.a.RequestMappingHandlerMapping : Mapped to com.springboot.controller.ProductController#getAllProducts()
2024-11-27T22:08:44.743+05:30 DEBUG 18732 --- [Product_Management] [http-nio-9092-exec-4] o.s.w.s.m.m.a.HttpEntityMethodProcessor  : Using 'application/json', given [*/*] and supported [application/json, application/*+json]
2024-11-27T22:08:44.743+05:30 DEBUG 18732 --- [Product_Management] [http-nio-9092-exec-4] o.s.w.s.m.m.a.HttpEntityMethodProcessor  : Writing [[ProductDTO(id=1, name=Lapto, description=This is a Laptop, price=5099.0, quantity=5)]]
2024-11-27T22:08:44.745+05:30 DEBUG 18732 --- [Product_Management] [http-nio-9092-exec-4] o.s.web.servlet.DispatcherServlet        : Completed 200 OK
2024-11-27T22:09:21.940+05:30 DEBUG 18732 --- [Product_Management] [http-nio-9092-exec-5] o.s.web.servlet.DispatcherServlet        : POST "/products", parameters={}
2024-11-27T22:09:21.940+05:30 DEBUG 18732 --- [Product_Management] [http-nio-9092-exec-5] s.w.s.m.m.a.RequestMappingHandlerMapping : Mapped to com.springboot.controller.ProductController#createProduct(ProductDTO)
2024-11-27T22:09:21.941+05:30 DEBUG 18732 --- [Product_Management] [http-nio-9092-exec-5] m.m.a.RequestResponseBodyMethodProcessor : Read "application/json;charset=UTF-8" to [ProductDTO(id=null, name=Range, description=This is a renge product description., price=599.0, quant (truncated)...]
2024-11-27T22:09:21.953+05:30 DEBUG 18732 --- [Product_Management] [http-nio-9092-exec-5] o.s.w.s.m.m.a.HttpEntityMethodProcessor  : Using 'application/json', given [*/*] and supported [application/json, application/*+json]
2024-11-27T22:09:21.954+05:30 DEBUG 18732 --- [Product_Management] [http-nio-9092-exec-5] o.s.w.s.m.m.a.HttpEntityMethodProcessor  : Writing [ProductDTO(id=3, name=Range, description=This is a renge product description., price=599.0, quantity (truncated)...]
2024-11-27T22:09:21.955+05:30 DEBUG 18732 --- [Product_Management] [http-nio-9092-exec-5] o.s.web.servlet.DispatcherServlet        : Completed 200 OK
2024-11-27T22:09:27.347+05:30 DEBUG 18732 --- [Product_Management] [http-nio-9092-exec-6] o.s.web.servlet.DispatcherServlet        : GET "/products", parameters={}
2024-11-27T22:09:27.348+05:30 DEBUG 18732 --- [Product_Management] [http-nio-9092-exec-6] s.w.s.m.m.a.RequestMappingHandlerMapping : Mapped to com.springboot.controller.ProductController#getAllProducts()
2024-11-27T22:09:27.353+05:30 DEBUG 18732 --- [Product_Management] [http-nio-9092-exec-6] o.s.w.s.m.m.a.HttpEntityMethodProcessor  : Using 'application/json', given [*/*] and supported [application/json, application/*+json]
2024-11-27T22:09:27.353+05:30 DEBUG 18732 --- [Product_Management] [http-nio-9092-exec-6] o.s.w.s.m.m.a.HttpEntityMethodProcessor  : Writing [[ProductDTO(id=1, name=Lapto, description=This is a Laptop, price=5099.0, quantity=5), ProductDTO(id (truncated)...]
2024-11-27T22:09:27.354+05:30 DEBUG 18732 --- [Product_Management] [http-nio-9092-exec-6] o.s.web.servlet.DispatcherServlet        : Completed 200 OK
2024-11-27T22:21:19.120+05:30  INFO 18732 --- [Product_Management] [SpringApplicationShutdownHook] o.s.b.w.e.tomcat.GracefulShutdown        : Commencing graceful shutdown. Waiting for active requests to complete
2024-11-27T22:21:19.282+05:30  INFO 18732 --- [Product_Management] [tomcat-shutdown] o.s.b.w.e.tomcat.GracefulShutdown        : Graceful shutdown complete
2024-11-27T22:21:19.309+05:30  INFO 18732 --- [Product_Management] [SpringApplicationShutdownHook] j.LocalContainerEntityManagerFactoryBean : Closing JPA EntityManagerFactory for persistence unit 'default'
2024-11-27T22:21:19.346+05:30  INFO 18732 --- [Product_Management] [SpringApplicationShutdownHook] com.zaxxer.hikari.HikariDataSource       : HikariPool-1 - Shutdown initiated...
2024-11-27T22:21:19.400+05:30  INFO 18732 --- [Product_Management] [SpringApplicationShutdownHook] com.zaxxer.hikari.HikariDataSource       : HikariPool-1 - Shutdown completed.
2024-11-27T22:21:22.982+05:30  INFO 19176 --- [Product_Management] [main] c.s.ProductManagementApplication         : Starting ProductManagementApplication using Java 17.0.5 with PID 19176 (D:\Nikhil CoachBar\Product_Management\target\classes started by Ajay Patel in D:\Nikhil CoachBar\Product_Management)
2024-11-27T22:21:22.988+05:30  INFO 19176 --- [Product_Management] [main] c.s.ProductManagementApplication         : No active profile set, falling back to 1 default profile: "default"
2024-11-27T22:21:25.573+05:30  INFO 19176 --- [Product_Management] [main] .s.d.r.c.RepositoryConfigurationDelegate : Bootstrapping Spring Data JPA repositories in DEFAULT mode.
2024-11-27T22:21:25.659+05:30  INFO 19176 --- [Product_Management] [main] .s.d.r.c.RepositoryConfigurationDelegate : Finished Spring Data repository scanning in 73 ms. Found 1 JPA repository interface.
2024-11-27T22:21:26.458+05:30  INFO 19176 --- [Product_Management] [main] o.s.b.w.embedded.tomcat.TomcatWebServer  : Tomcat initialized with port 9092 (http)
2024-11-27T22:21:26.475+05:30  INFO 19176 --- [Product_Management] [main] o.apache.catalina.core.StandardService   : Starting service [Tomcat]
2024-11-27T22:21:26.475+05:30  INFO 19176 --- [Product_Management] [main] o.apache.catalina.core.StandardEngine    : Starting Servlet engine: [Apache Tomcat/10.1.33]
2024-11-27T22:21:26.546+05:30  INFO 19176 --- [Product_Management] [main] o.a.c.c.C.[Tomcat].[localhost].[/]       : Initializing Spring embedded WebApplicationContext
2024-11-27T22:21:26.546+05:30  INFO 19176 --- [Product_Management] [main] w.s.c.ServletWebServerApplicationContext : Root WebApplicationContext: initialization completed in 3381 ms
2024-11-27T22:21:26.851+05:30  INFO 19176 --- [Product_Management] [main] o.hibernate.jpa.internal.util.LogHelper  : HHH000204: Processing PersistenceUnitInfo [name: default]
2024-11-27T22:21:26.927+05:30  INFO 19176 --- [Product_Management] [main] org.hibernate.Version                    : HHH000412: Hibernate ORM core version 6.6.2.Final
2024-11-27T22:21:26.967+05:30  INFO 19176 --- [Product_Management] [main] o.h.c.internal.RegionFactoryInitiator    : HHH000026: Second-level cache disabled
2024-11-27T22:21:27.367+05:30  INFO 19176 --- [Product_Management] [main] o.s.o.j.p.SpringPersistenceUnitInfo      : No LoadTimeWeaver setup: ignoring JPA class transformer
2024-11-27T22:21:27.403+05:30  INFO 19176 --- [Product_Management] [main] com.zaxxer.hikari.HikariDataSource       : HikariPool-1 - Starting...
2024-11-27T22:21:27.886+05:30  INFO 19176 --- [Product_Management] [main] com.zaxxer.hikari.pool.HikariPool        : HikariPool-1 - Added connection com.mysql.cj.jdbc.ConnectionImpl@780129bc
2024-11-27T22:21:27.887+05:30  INFO 19176 --- [Product_Management] [main] com.zaxxer.hikari.HikariDataSource       : HikariPool-1 - Start completed.
2024-11-27T22:21:27.950+05:30  WARN 19176 --- [Product_Management] [main] org.hibernate.orm.deprecation            : HHH90000025: MySQL8Dialect does not need to be specified explicitly using 'hibernate.dialect' (remove the property setting and it will be selected by default)
2024-11-27T22:21:27.952+05:30  WARN 19176 --- [Product_Management] [main] org.hibernate.orm.deprecation            : HHH90000026: MySQL8Dialect has been deprecated; use org.hibernate.dialect.MySQLDialect instead
2024-11-27T22:21:27.985+05:30  INFO 19176 --- [Product_Management] [main] org.hibernate.orm.connections.pooling    : HHH10001005: Database info:
	Database JDBC URL [Connecting through datasource 'HikariDataSource (HikariPool-1)']
	Database driver: undefined/unknown
	Database version: 8.0
	Autocommit mode: undefined/unknown
	Isolation level: undefined/unknown
	Minimum pool size: undefined/unknown
	Maximum pool size: undefined/unknown
2024-11-27T22:21:29.005+05:30  INFO 19176 --- [Product_Management] [main] o.h.e.t.j.p.i.JtaPlatformInitiator       : HHH000489: No JTA platform available (set 'hibernate.transaction.jta.platform' to enable JTA platform integration)
2024-11-27T22:21:29.062+05:30  INFO 19176 --- [Product_Management] [main] j.LocalContainerEntityManagerFactoryBean : Initialized JPA EntityManagerFactory for persistence unit 'default'
2024-11-27T22:21:29.421+05:30  WARN 19176 --- [Product_Management] [main] JpaBaseConfiguration$JpaWebConfiguration : spring.jpa.open-in-view is enabled by default. Therefore, database queries may be performed during view rendering. Explicitly configure spring.jpa.open-in-view to disable this warning
2024-11-27T22:21:29.581+05:30  INFO 19176 --- [Product_Management] [main] r$InitializeUserDetailsManagerConfigurer : Global AuthenticationManager configured with UserDetailsService bean with name userDetailsService
2024-11-27T22:21:29.810+05:30 DEBUG 19176 --- [Product_Management] [main] s.w.s.m.m.a.RequestMappingHandlerMapping : 7 mappings in 'requestMappingHandlerMapping'
2024-11-27T22:21:29.918+05:30 DEBUG 19176 --- [Product_Management] [main] o.s.w.s.handler.SimpleUrlHandlerMapping  : Patterns [/webjars/**, /**] in 'resourceHandlerMapping'
2024-11-27T22:21:30.132+05:30 DEBUG 19176 --- [Product_Management] [main] s.w.s.m.m.a.RequestMappingHandlerAdapter : ControllerAdvice beans: 0 @ModelAttribute, 0 @InitBinder, 1 RequestBodyAdvice, 1 ResponseBodyAdvice
2024-11-27T22:21:30.196+05:30 DEBUG 19176 --- [Product_Management] [main] .m.m.a.ExceptionHandlerExceptionResolver : ControllerAdvice beans: 1 @ExceptionHandler, 1 ResponseBodyAdvice
2024-11-27T22:21:30.527+05:30  INFO 19176 --- [Product_Management] [main] o.s.b.w.embedded.tomcat.TomcatWebServer  : Tomcat started on port 9092 (http) with context path '/'
2024-11-27T22:21:30.538+05:30  INFO 19176 --- [Product_Management] [main] c.s.ProductManagementApplication         : Started ProductManagementApplication in 8.307 seconds (process running for 8.843)
2024-11-27T22:22:10.149+05:30  INFO 10680 --- [Product_Management] [main] c.s.ProductManagementApplicationTests    : Starting ProductManagementApplicationTests using Java 17.0.5 with PID 10680 (started by Ajay Patel in D:\Nikhil CoachBar\Product_Management)
2024-11-27T22:22:10.152+05:30  INFO 10680 --- [Product_Management] [main] c.s.ProductManagementApplicationTests    : No active profile set, falling back to 1 default profile: "default"
2024-11-27T22:22:10.180+05:30 DEBUG 10680 --- [Product_Management] [main] o.s.w.c.s.GenericWebApplicationContext   : Refreshing org.springframework.web.context.support.GenericWebApplicationContext@55120f99
2024-11-27T22:22:10.926+05:30  INFO 10680 --- [Product_Management] [main] .s.d.r.c.RepositoryConfigurationDelegate : Bootstrapping Spring Data JPA repositories in DEFAULT mode.
2024-11-27T22:22:10.979+05:30  INFO 10680 --- [Product_Management] [main] .s.d.r.c.RepositoryConfigurationDelegate : Finished Spring Data repository scanning in 45 ms. Found 1 JPA repository interface.
2024-11-27T22:22:11.743+05:30  INFO 10680 --- [Product_Management] [main] o.hibernate.jpa.internal.util.LogHelper  : HHH000204: Processing PersistenceUnitInfo [name: default]
2024-11-27T22:22:11.819+05:30  INFO 10680 --- [Product_Management] [main] org.hibernate.Version                    : HHH000412: Hibernate ORM core version 6.6.2.Final
2024-11-27T22:22:11.916+05:30  INFO 10680 --- [Product_Management] [main] o.h.c.internal.RegionFactoryInitiator    : HHH000026: Second-level cache disabled
2024-11-27T22:22:12.612+05:30  INFO 10680 --- [Product_Management] [main] o.s.o.j.p.SpringPersistenceUnitInfo      : No LoadTimeWeaver setup: ignoring JPA class transformer
2024-11-27T22:22:12.649+05:30  INFO 10680 --- [Product_Management] [main] com.zaxxer.hikari.HikariDataSource       : HikariPool-1 - Starting...
2024-11-27T22:22:12.945+05:30  INFO 10680 --- [Product_Management] [main] com.zaxxer.hikari.pool.HikariPool        : HikariPool-1 - Added connection com.mysql.cj.jdbc.ConnectionImpl@78e387d6
2024-11-27T22:22:12.946+05:30  INFO 10680 --- [Product_Management] [main] com.zaxxer.hikari.HikariDataSource       : HikariPool-1 - Start completed.
2024-11-27T22:22:12.989+05:30  WARN 10680 --- [Product_Management] [main] org.hibernate.orm.deprecation            : HHH90000025: MySQL8Dialect does not need to be specified explicitly using 'hibernate.dialect' (remove the property setting and it will be selected by default)
2024-11-27T22:22:12.990+05:30  WARN 10680 --- [Product_Management] [main] org.hibernate.orm.deprecation            : HHH90000026: MySQL8Dialect has been deprecated; use org.hibernate.dialect.MySQLDialect instead
2024-11-27T22:22:13.009+05:30  INFO 10680 --- [Product_Management] [main] org.hibernate.orm.connections.pooling    : HHH10001005: Database info:
	Database JDBC URL [Connecting through datasource 'HikariDataSource (HikariPool-1)']
	Database driver: undefined/unknown
	Database version: 8.0
	Autocommit mode: undefined/unknown
	Isolation level: undefined/unknown
	Minimum pool size: undefined/unknown
	Maximum pool size: undefined/unknown
2024-11-27T22:22:14.796+05:30  INFO 10680 --- [Product_Management] [main] o.h.e.t.j.p.i.JtaPlatformInitiator       : HHH000489: No JTA platform available (set 'hibernate.transaction.jta.platform' to enable JTA platform integration)
2024-11-27T22:22:14.892+05:30  INFO 10680 --- [Product_Management] [main] j.LocalContainerEntityManagerFactoryBean : Initialized JPA EntityManagerFactory for persistence unit 'default'
2024-11-27T22:22:15.191+05:30  WARN 10680 --- [Product_Management] [main] JpaBaseConfiguration$JpaWebConfiguration : spring.jpa.open-in-view is enabled by default. Therefore, database queries may be performed during view rendering. Explicitly configure spring.jpa.open-in-view to disable this warning
2024-11-27T22:22:15.316+05:30  INFO 10680 --- [Product_Management] [main] r$InitializeUserDetailsManagerConfigurer : Global AuthenticationManager configured with UserDetailsService bean with name userDetailsService
2024-11-27T22:22:15.475+05:30 DEBUG 10680 --- [Product_Management] [main] s.w.s.m.m.a.RequestMappingHandlerMapping : 7 mappings in 'requestMappingHandlerMapping'
2024-11-27T22:22:15.713+05:30 DEBUG 10680 --- [Product_Management] [main] o.s.w.s.handler.SimpleUrlHandlerMapping  : Patterns [/webjars/**, /**] in 'resourceHandlerMapping'
2024-11-27T22:22:16.099+05:30 DEBUG 10680 --- [Product_Management] [main] s.w.s.m.m.a.RequestMappingHandlerAdapter : ControllerAdvice beans: 0 @ModelAttribute, 0 @InitBinder, 1 RequestBodyAdvice, 1 ResponseBodyAdvice
2024-11-27T22:22:16.145+05:30 DEBUG 10680 --- [Product_Management] [main] .m.m.a.ExceptionHandlerExceptionResolver : ControllerAdvice beans: 1 @ExceptionHandler, 1 ResponseBodyAdvice
2024-11-27T22:22:16.327+05:30  INFO 10680 --- [Product_Management] [main] c.s.ProductManagementApplicationTests    : Started ProductManagementApplicationTests in 6.551 seconds (process running for 7.512)
2024-11-27T22:22:17.316+05:30 DEBUG 10680 --- [Product_Management] [main] s.w.s.m.m.a.RequestMappingHandlerMapping : 5 mappings in org.springframework.web.servlet.mvc.method.annotation.RequestMappingHandlerMapping
2024-11-27T22:22:17.319+05:30 DEBUG 10680 --- [Product_Management] [main] s.w.s.m.m.a.RequestMappingHandlerAdapter : ControllerAdvice beans: 0 @ModelAttribute, 0 @InitBinder, 1 RequestBodyAdvice, 1 ResponseBodyAdvice
2024-11-27T22:22:17.320+05:30 DEBUG 10680 --- [Product_Management] [main] .m.m.a.ExceptionHandlerExceptionResolver : ControllerAdvice beans: 0 @ExceptionHandler, 1 ResponseBodyAdvice
2024-11-27T22:22:17.323+05:30  INFO 10680 --- [Product_Management] [main] o.s.mock.web.MockServletContext          : Initializing Spring TestDispatcherServlet ''
2024-11-27T22:22:17.323+05:30  INFO 10680 --- [Product_Management] [main] o.s.t.web.servlet.TestDispatcherServlet  : Initializing Servlet ''
2024-11-27T22:22:17.325+05:30  INFO 10680 --- [Product_Management] [main] o.s.t.web.servlet.TestDispatcherServlet  : Completed initialization in 0 ms
2024-11-27T22:22:17.403+05:30 DEBUG 10680 --- [Product_Management] [main] s.w.s.m.m.a.RequestMappingHandlerMapping : Mapped to com.springboot.controller.ProductController#createProduct(ProductDTO)
2024-11-27T22:22:17.578+05:30 DEBUG 10680 --- [Product_Management] [main] m.m.a.RequestResponseBodyMethodProcessor : Read "application/json" to [ProductDTO(id=null, name=Sample Product, description=Sample Description, price=100.0, quantity=10)]
2024-11-27T22:22:17.645+05:30 DEBUG 10680 --- [Product_Management] [main] o.s.w.s.m.m.a.HttpEntityMethodProcessor  : Using 'application/json', given [*/*] and supported [application/json, application/*+json]
2024-11-27T22:22:17.651+05:30 DEBUG 10680 --- [Product_Management] [main] o.s.w.s.m.m.a.HttpEntityMethodProcessor  : Writing [ProductDTO(id=1, name=Sample Product, description=Sample Description, price=100.0, quantity=10)]
2024-11-27T22:22:17.764+05:30 DEBUG 10680 --- [Product_Management] [main] s.w.s.m.m.a.RequestMappingHandlerMapping : 5 mappings in org.springframework.web.servlet.mvc.method.annotation.RequestMappingHandlerMapping
2024-11-27T22:22:17.768+05:30 DEBUG 10680 --- [Product_Management] [main] s.w.s.m.m.a.RequestMappingHandlerAdapter : ControllerAdvice beans: 0 @ModelAttribute, 0 @InitBinder, 1 RequestBodyAdvice, 1 ResponseBodyAdvice
2024-11-27T22:22:17.769+05:30 DEBUG 10680 --- [Product_Management] [main] .m.m.a.ExceptionHandlerExceptionResolver : ControllerAdvice beans: 0 @ExceptionHandler, 1 ResponseBodyAdvice
2024-11-27T22:22:17.769+05:30  INFO 10680 --- [Product_Management] [main] o.s.mock.web.MockServletContext          : Initializing Spring TestDispatcherServlet ''
2024-11-27T22:22:17.770+05:30  INFO 10680 --- [Product_Management] [main] o.s.t.web.servlet.TestDispatcherServlet  : Initializing Servlet ''
2024-11-27T22:22:17.770+05:30  INFO 10680 --- [Product_Management] [main] o.s.t.web.servlet.TestDispatcherServlet  : Completed initialization in 0 ms
2024-11-27T22:22:17.771+05:30 DEBUG 10680 --- [Product_Management] [main] s.w.s.m.m.a.RequestMappingHandlerMapping : Mapped to com.springboot.controller.ProductController#updateProduct(Long, ProductDTO)
2024-11-27T22:22:17.775+05:30 DEBUG 10680 --- [Product_Management] [main] m.m.a.RequestResponseBodyMethodProcessor : Read "application/json" to [ProductDTO(id=null, name=Updated Product, description=Updated Description, price=150.0, quantity=20)]
2024-11-27T22:22:17.782+05:30 DEBUG 10680 --- [Product_Management] [main] o.s.w.s.m.m.a.HttpEntityMethodProcessor  : Using 'application/json', given [*/*] and supported [application/json, application/*+json]
2024-11-27T22:22:17.782+05:30 DEBUG 10680 --- [Product_Management] [main] o.s.w.s.m.m.a.HttpEntityMethodProcessor  : Writing [ProductDTO(id=1, name=Sample Product, description=Sample Description, price=100.0, quantity=10)]
2024-11-27T22:22:17.799+05:30 DEBUG 10680 --- [Product_Management] [main] s.w.s.m.m.a.RequestMappingHandlerMapping : 5 mappings in org.springframework.web.servlet.mvc.method.annotation.RequestMappingHandlerMapping
2024-11-27T22:22:17.801+05:30 DEBUG 10680 --- [Product_Management] [main] s.w.s.m.m.a.RequestMappingHandlerAdapter : ControllerAdvice beans: 0 @ModelAttribute, 0 @InitBinder, 1 RequestBodyAdvice, 1 ResponseBodyAdvice
2024-11-27T22:22:17.802+05:30 DEBUG 10680 --- [Product_Management] [main] .m.m.a.ExceptionHandlerExceptionResolver : ControllerAdvice beans: 0 @ExceptionHandler, 1 ResponseBodyAdvice
2024-11-27T22:22:17.803+05:30  INFO 10680 --- [Product_Management] [main] o.s.mock.web.MockServletContext          : Initializing Spring TestDispatcherServlet ''
2024-11-27T22:22:17.803+05:30  INFO 10680 --- [Product_Management] [main] o.s.t.web.servlet.TestDispatcherServlet  : Initializing Servlet ''
2024-11-27T22:22:17.803+05:30  INFO 10680 --- [Product_Management] [main] o.s.t.web.servlet.TestDispatcherServlet  : Completed initialization in 0 ms
2024-11-27T22:22:17.804+05:30 DEBUG 10680 --- [Product_Management] [main] s.w.s.m.m.a.RequestMappingHandlerMapping : Mapped to com.springboot.controller.ProductController#getProductById(Long)
2024-11-27T22:22:17.807+05:30 DEBUG 10680 --- [Product_Management] [main] o.s.w.s.m.m.a.HttpEntityMethodProcessor  : Using 'application/json', given [*/*] and supported [application/json, application/*+json]
2024-11-27T22:22:17.807+05:30 DEBUG 10680 --- [Product_Management] [main] o.s.w.s.m.m.a.HttpEntityMethodProcessor  : Writing [ProductDTO(id=1, name=Sample Product, description=Sample Description, price=100.0, quantity=10)]
2024-11-27T22:22:17.824+05:30 DEBUG 10680 --- [Product_Management] [main] s.w.s.m.m.a.RequestMappingHandlerMapping : 5 mappings in org.springframework.web.servlet.mvc.method.annotation.RequestMappingHandlerMapping
2024-11-27T22:22:17.834+05:30 DEBUG 10680 --- [Product_Management] [main] s.w.s.m.m.a.RequestMappingHandlerAdapter : ControllerAdvice beans: 0 @ModelAttribute, 0 @InitBinder, 1 RequestBodyAdvice, 1 ResponseBodyAdvice
2024-11-27T22:22:17.835+05:30 DEBUG 10680 --- [Product_Management] [main] .m.m.a.ExceptionHandlerExceptionResolver : ControllerAdvice beans: 0 @ExceptionHandler, 1 ResponseBodyAdvice
2024-11-27T22:22:17.836+05:30  INFO 10680 --- [Product_Management] [main] o.s.mock.web.MockServletContext          : Initializing Spring TestDispatcherServlet ''
2024-11-27T22:22:17.836+05:30  INFO 10680 --- [Product_Management] [main] o.s.t.web.servlet.TestDispatcherServlet  : Initializing Servlet ''
2024-11-27T22:22:17.837+05:30  INFO 10680 --- [Product_Management] [main] o.s.t.web.servlet.TestDispatcherServlet  : Completed initialization in 1 ms
2024-11-27T22:22:17.839+05:30 DEBUG 10680 --- [Product_Management] [main] s.w.s.m.m.a.RequestMappingHandlerMapping : Mapped to com.springboot.controller.ProductController#deleteProduct(Long)
2024-11-27T22:22:17.850+05:30 DEBUG 10680 --- [Product_Management] [main] o.s.w.s.m.m.a.HttpEntityMethodProcessor  : Using 'application/json', given [*/*] and supported [application/json, application/*+json]
2024-11-27T22:22:17.852+05:30 DEBUG 10680 --- [Product_Management] [main] o.s.w.s.m.m.a.HttpEntityMethodProcessor  : Nothing to write: null body
2024-11-27T22:22:17.888+05:30 DEBUG 10680 --- [Product_Management] [main] s.w.s.m.m.a.RequestMappingHandlerMapping : 5 mappings in org.springframework.web.servlet.mvc.method.annotation.RequestMappingHandlerMapping
2024-11-27T22:22:17.890+05:30 DEBUG 10680 --- [Product_Management] [main] s.w.s.m.m.a.RequestMappingHandlerAdapter : ControllerAdvice beans: 0 @ModelAttribute, 0 @InitBinder, 1 RequestBodyAdvice, 1 ResponseBodyAdvice
2024-11-27T22:22:17.891+05:30 DEBUG 10680 --- [Product_Management] [main] .m.m.a.ExceptionHandlerExceptionResolver : ControllerAdvice beans: 0 @ExceptionHandler, 1 ResponseBodyAdvice
2024-11-27T22:22:17.892+05:30  INFO 10680 --- [Product_Management] [main] o.s.mock.web.MockServletContext          : Initializing Spring TestDispatcherServlet ''
2024-11-27T22:22:17.893+05:30  INFO 10680 --- [Product_Management] [main] o.s.t.web.servlet.TestDispatcherServlet  : Initializing Servlet ''
2024-11-27T22:22:17.893+05:30  INFO 10680 --- [Product_Management] [main] o.s.t.web.servlet.TestDispatcherServlet  : Completed initialization in 0 ms
2024-11-27T22:22:17.894+05:30 DEBUG 10680 --- [Product_Management] [main] s.w.s.m.m.a.RequestMappingHandlerMapping : Mapped to com.springboot.controller.ProductController#getAllProducts()
2024-11-27T22:22:17.902+05:30 DEBUG 10680 --- [Product_Management] [main] o.s.w.s.m.m.a.HttpEntityMethodProcessor  : Using 'application/json', given [*/*] and supported [application/json, application/*+json]
2024-11-27T22:22:17.904+05:30 DEBUG 10680 --- [Product_Management] [main] o.s.w.s.m.m.a.HttpEntityMethodProcessor  : Writing [[ProductDTO(id=1, name=Sample Product, description=Sample Description, price=100.0, quantity=10)]]
2024-11-27T22:22:18.186+05:30 DEBUG 10680 --- [Product_Management] [SpringApplicationShutdownHook] o.s.w.c.s.GenericWebApplicationContext   : Closing org.springframework.web.context.support.GenericWebApplicationContext@55120f99, started on Wed Nov 27 22:22:10 IST 2024
2024-11-27T22:22:18.192+05:30  INFO 10680 --- [Product_Management] [SpringApplicationShutdownHook] j.LocalContainerEntityManagerFactoryBean : Closing JPA EntityManagerFactory for persistence unit 'default'
2024-11-27T22:22:18.195+05:30  INFO 10680 --- [Product_Management] [SpringApplicationShutdownHook] com.zaxxer.hikari.HikariDataSource       : HikariPool-1 - Shutdown initiated...
2024-11-27T22:22:18.208+05:30  INFO 10680 --- [Product_Management] [SpringApplicationShutdownHook] com.zaxxer.hikari.HikariDataSource       : HikariPool-1 - Shutdown completed.
